<?xml version="1.0" encoding="UTF-8"?>
<!-- Generated by org.testng.reporters.JUnitReportReporter -->
<testsuite skipped="0" hostname="DESKTOP-MK9TPGN" name="MagentoTest" tests="1" failures="0" timestamp="26 Nov 2018 08:02:20 GMT" time="49.493" errors="0">
  <testcase name="posCredentials" time="49.493" classname="MagentoTest"/>
</testsuite> <!-- MagentoTest -->
