<?xml version="1.0" encoding="UTF-8"?>
<!-- Generated by org.testng.reporters.JUnitReportReporter -->
<testsuite skipped="0" hostname="DESKTOP-MK9TPGN" name="MagentoTest" tests="1" failures="0" timestamp="27 Nov 2018 13:14:08 GMT" time="49.607" errors="0">
  <testcase name="posCredentials" time="49.607" classname="MagentoTest"/>
</testsuite> <!-- MagentoTest -->
